c:\users\andy\source\repos\windows programming 5th\poppad3\x64\release\vc142.pdb
c:\users\andy\source\repos\windows programming 5th\poppad3\x64\release\popprnt0.obj
c:\users\andy\source\repos\windows programming 5th\poppad3\x64\release\popfont.obj
c:\users\andy\source\repos\windows programming 5th\poppad3\x64\release\popfind.obj
c:\users\andy\source\repos\windows programming 5th\poppad3\x64\release\popfile.obj
c:\users\andy\source\repos\windows programming 5th\poppad3\x64\release\poppad.obj
c:\users\andy\source\repos\windows programming 5th\x64\release\poppad3.exe
c:\users\andy\source\repos\windows programming 5th\poppad3\x64\release\poppad3.ipdb
c:\users\andy\source\repos\windows programming 5th\poppad3\x64\release\poppad3.iobj
c:\users\andy\source\repos\windows programming 5th\x64\release\poppad3.pdb
c:\users\andy\source\repos\windows programming 5th\poppad3\x64\release\poppad3.res
c:\users\andy\source\repos\windows programming 5th\poppad3\x64\release\poppad3.tlog\cl.command.1.tlog
c:\users\andy\source\repos\windows programming 5th\poppad3\x64\release\poppad3.tlog\cl.read.1.tlog
c:\users\andy\source\repos\windows programming 5th\poppad3\x64\release\poppad3.tlog\cl.write.1.tlog
c:\users\andy\source\repos\windows programming 5th\poppad3\x64\release\poppad3.tlog\link.command.1.tlog
c:\users\andy\source\repos\windows programming 5th\poppad3\x64\release\poppad3.tlog\link.read.1.tlog
c:\users\andy\source\repos\windows programming 5th\poppad3\x64\release\poppad3.tlog\link.write.1.tlog
c:\users\andy\source\repos\windows programming 5th\poppad3\x64\release\poppad3.tlog\rc.command.1.tlog
c:\users\andy\source\repos\windows programming 5th\poppad3\x64\release\poppad3.tlog\rc.read.1.tlog
c:\users\andy\source\repos\windows programming 5th\poppad3\x64\release\poppad3.tlog\rc.write.1.tlog
